<?xml version="1.0" encoding="UTF-8"?>
<testng-results skipped="0" failed="0" ignored="0" total="1" passed="1">
  <reporter-output>
  </reporter-output>
  <suite name="Default suite" duration-ms="6750" started-at="2018-06-25T13:10:14Z" finished-at="2018-06-25T13:10:20Z">
    <groups>
    </groups>
    <test name="Default test" duration-ms="6750" started-at="2018-06-25T13:10:14Z" finished-at="2018-06-25T13:10:20Z">
      <class name="testClasses.GMailTest">
        <test-method status="PASS" signature="initVars()[pri:0, instance:testClasses.GMailTest@6f7fd0e6]" name="initVars" is-config="true" duration-ms="1990" started-at="2018-06-25T13:10:14Z" finished-at="2018-06-25T13:10:16Z">
          <reporter-output>
          </reporter-output>
        </test-method> <!-- initVars -->
        <test-method status="PASS" signature="Step01_Launch_LoginPage()[pri:0, instance:testClasses.GMailTest@6f7fd0e6]" name="Step01_Launch_LoginPage" duration-ms="4539" started-at="2018-06-25T13:10:16Z" finished-at="2018-06-25T13:10:20Z">
          <reporter-output>
          </reporter-output>
        </test-method> <!-- Step01_Launch_LoginPage -->
        <test-method status="PASS" signature="closeBrowser()[pri:0, instance:testClasses.GMailTest@6f7fd0e6]" name="closeBrowser" is-config="true" duration-ms="182" started-at="2018-06-25T13:10:20Z" finished-at="2018-06-25T13:10:20Z">
          <reporter-output>
          </reporter-output>
        </test-method> <!-- closeBrowser -->
      </class> <!-- testClasses.GMailTest -->
    </test> <!-- Default test -->
  </suite> <!-- Default suite -->
</testng-results>
